This is pdfTeX, Version 3.1415926-2.5-1.40.14 (TeX Live 2013) (format=pdflatex 2014.6.22)  23 AUG 2014 17:48
entering extended mode
 restricted \write18 enabled.
 %&-line parsing enabled.
**Anschreiben_Nachhilfe_SCRLTTR.tex
(./Anschreiben_Nachhilfe_SCRLTTR.tex
LaTeX2e <2011/06/27>
Babel <3.9f> and hyphenation patterns for 37 languages loaded.
(/usr/share/texmf-dist/tex/latex/koma-script/scrlttr2.cls
Document Class: scrlttr2 2012/07/29 v3.11b KOMA-Script document class (letter)
(/usr/share/texmf-dist/tex/latex/koma-script/scrkbase.sty
Package: scrkbase 2012/07/29 v3.11b KOMA-Script package (KOMA-Script-dependent 
basics and keyval usage)

(/usr/share/texmf-dist/tex/latex/koma-script/scrbase.sty
Package: scrbase 2012/07/29 v3.11b KOMA-Script package (KOMA-Script-independent
 basics and keyval usage)

(/usr/share/texmf-dist/tex/latex/graphics/keyval.sty
Package: keyval 1999/03/16 v1.13 key=value parser (DPC)
\KV@toks@=\toks14
)
(/usr/share/texmf-dist/tex/latex/koma-script/scrlfile.sty
Package: scrlfile 2012/06/15 v3.12 KOMA-Script package (loading files)

Package scrlfile, 2012/06/15 v3.12 KOMA-Script package (loading files)
                  Copyright (C) Markus Kohm

)))
Class scrlttr2 Info: File `scrsize11pt.clo' used to setup font sizes on input l
ine 1174.
 (/usr/share/texmf-dist/tex/latex/koma-script/scrsize11pt.clo
File: scrsize11pt.clo 2012/07/29 v3.11b KOMA-Script font size class option (11p
t)
)
(/usr/share/texmf-dist/tex/latex/koma-script/typearea.sty
Package: typearea 2012/07/29 v3.11b KOMA-Script package (type area)

Package typearea, 2012/07/29 v3.11b KOMA-Script package (type area)
                  Copyright (C) Frank Neukam, 1992-1994
                  Copyright (C) Markus Kohm, 1994-

\ta@bcor=\skip41
\ta@div=\count79
\ta@hblk=\skip42
\ta@vblk=\skip43
\ta@temp=\skip44
Package typearea Info: These are the values describing the layout:
(typearea)             DIV  = 10
(typearea)             BCOR = 0.0pt
(typearea)             \paperwidth      = 597.50793pt
(typearea)              \textwidth      = 418.25555pt
(typearea)              DIV departure   = -6%
(typearea)              \evensidemargin = 17.3562pt
(typearea)              \oddsidemargin  = 17.3562pt
(typearea)             \paperheight     = 845.04694pt
(typearea)              \textheight     = 555.00024pt
(typearea)              \topmargin      = 12.2347pt
(typearea)              \headheight     = 17.0pt
(typearea)              \headsep        = 20.40001pt
(typearea)              \topskip        = 11.0pt
(typearea)              \footskip       = 47.60002pt
(typearea)              \baselineskip   = 13.6pt
(typearea)              on input line 1213.
))
Class scrlttr2 Info: Letter-Class-Option `DIN' loaded on input line 43.
 (/usr/share/texmf-dist/tex/latex/koma-script/DIN.lco
File: DIN.lco 2012/07/29 v3.11b KOMA-Script letter-class-option
)
(/usr/share/texmf-dist/tex/generic/german/ngerman.sty v2.5e 1998-07-08
Package: ngerman 1998/07/08 v2.5e Support for writing german texts (br)
\grmnU@D=\dimen102
ngerman -- \language number for naustrian undefined, default 35 used.
)
(/usr/share/texmf-dist/tex/latex/base/fontenc.sty
Package: fontenc 2005/09/27 v1.99g Standard LaTeX package

(/usr/share/texmf-dist/tex/latex/base/t1enc.def
File: t1enc.def 2005/09/27 v1.99g Standard LaTeX file
LaTeX Font Info:    Redeclaring font encoding T1 on input line 43.
))
(/usr/share/texmf-dist/tex/latex/base/inputenc.sty
Package: inputenc 2008/03/30 v1.1d Input encoding file
\inpenc@prehook=\toks15
\inpenc@posthook=\toks16

(/usr/share/texmf-dist/tex/latex/base/latin1.def
File: latin1.def 2008/03/30 v1.1d Input encoding file
))
(/usr/share/texmf-dist/tex/latex/url/url.sty
\Urlmuskip=\muskip10
Package: url 2006/04/12  ver 3.3  Verb mode for urls, etc.
)
(/usr/share/texmf-dist/tex/latex/psnfss/mathpazo.sty
Package: mathpazo 2005/04/12 PSNFSS-v9.2a Palatino w/ Pazo Math (D.Puga, WaS) 
\symupright=\mathgroup4
)
(./Anschreiben_Nachhilfe_SCRLTTR.aux)
\openout1 = `Anschreiben_Nachhilfe_SCRLTTR.aux'.

LaTeX Font Info:    Checking defaults for OML/cmm/m/it on input line 58.
LaTeX Font Info:    ... okay on input line 58.
LaTeX Font Info:    Checking defaults for T1/cmr/m/n on input line 58.
LaTeX Font Info:    ... okay on input line 58.
LaTeX Font Info:    Checking defaults for OT1/cmr/m/n on input line 58.
LaTeX Font Info:    ... okay on input line 58.
LaTeX Font Info:    Checking defaults for OMS/cmsy/m/n on input line 58.
LaTeX Font Info:    ... okay on input line 58.
LaTeX Font Info:    Checking defaults for OMX/cmex/m/n on input line 58.
LaTeX Font Info:    ... okay on input line 58.
LaTeX Font Info:    Checking defaults for U/cmr/m/n on input line 58.
LaTeX Font Info:    ... okay on input line 58.
LaTeX Font Info:    Try loading font information for T1+ppl on input line 58.

(/usr/share/texmf-dist/tex/latex/psnfss/t1ppl.fd
File: t1ppl.fd 2001/06/04 font definitions for T1/ppl.
)
Package scrbase Info: `\ccname' at language `english' already defined
(scrbase)             --> skipped on input line 58.
Package scrbase Info: `\enclname' at language `english' already defined
(scrbase)             --> skipped on input line 58.
Package scrbase Info: `\headtoname' at language `english' already defined
(scrbase)             --> skipped on input line 58.
Package scrbase Info: `\pagename' at language `english' already defined
(scrbase)             --> skipped on input line 58.
Package scrbase Info: `\ccname' at language `USenglish' already defined
(scrbase)             --> skipped on input line 58.
Package scrbase Info: `\enclname' at language `USenglish' already defined
(scrbase)             --> skipped on input line 58.
Package scrbase Info: `\headtoname' at language `USenglish' already defined
(scrbase)             --> skipped on input line 58.
Package scrbase Info: `\pagename' at language `USenglish' already defined
(scrbase)             --> skipped on input line 58.
Package scrbase Info: No captions found for `american'
(scrbase)             --> skipped on input line 58.
Class scrlttr2 Info: no date found for language `american'
(scrlttr2)           --> skipped on input line 58.
Package scrbase Info: No captions found for `british'
(scrbase)             --> skipped on input line 58.
Class scrlttr2 Info: no date found for language `british'
(scrlttr2)           --> skipped on input line 58.
Package scrbase Info: No captions found for `UKenglish'
(scrbase)             --> skipped on input line 58.
Class scrlttr2 Info: no date found for language `UKenglish'
(scrlttr2)           --> skipped on input line 58.
Package scrbase Info: No captions found for `german'
(scrbase)             --> skipped on input line 58.
Class scrlttr2 Info: no date found for language `german'
(scrlttr2)           --> skipped on input line 58.
Package scrbase Info: `\ccname' at language `ngerman' already defined
(scrbase)             --> skipped on input line 58.
Package scrbase Info: `\enclname' at language `ngerman' already defined
(scrbase)             --> skipped on input line 58.
Package scrbase Info: `\headtoname' at language `ngerman' already defined
(scrbase)             --> skipped on input line 58.
Package scrbase Info: `\pagename' at language `ngerman' already defined
(scrbase)             --> skipped on input line 58.
Package scrbase Info: No captions found for `austrian'
(scrbase)             --> skipped on input line 58.
Class scrlttr2 Info: no date found for language `austrian'
(scrlttr2)           --> skipped on input line 58.
Package scrbase Info: `\ccname' at language `naustrian' already defined
(scrbase)             --> skipped on input line 58.
Package scrbase Info: `\enclname' at language `naustrian' already defined
(scrbase)             --> skipped on input line 58.
Package scrbase Info: `\headtoname' at language `naustrian' already defined
(scrbase)             --> skipped on input line 58.
Package scrbase Info: `\pagename' at language `naustrian' already defined
(scrbase)             --> skipped on input line 58.
Package scrbase Info: `\ccname' at language `french' already defined
(scrbase)             --> skipped on input line 58.
Package scrbase Info: `\enclname' at language `french' already defined
(scrbase)             --> skipped on input line 58.
Package scrbase Info: `\headtoname' at language `french' already defined
(scrbase)             --> skipped on input line 58.
Package scrbase Info: `\pagename' at language `french' already defined
(scrbase)             --> skipped on input line 58.
Package scrbase Info: No captions found for `italian'
(scrbase)             --> skipped on input line 58.
Class scrlttr2 Info: no date found for language `italian'
(scrlttr2)           --> skipped on input line 58.
Package scrbase Info: No captions found for `spanish'
(scrbase)             --> skipped on input line 58.
Class scrlttr2 Info: no date found for language `spanish'
(scrlttr2)           --> skipped on input line 58.
Package scrbase Info: No captions found for `croatian'
(scrbase)             --> skipped on input line 58.
Class scrlttr2 Info: no date found for language `croatian'
(scrlttr2)           --> skipped on input line 58.
Package scrbase Info: No captions found for `dutch'
(scrbase)             --> skipped on input line 58.
Class scrlttr2 Info: no date found for language `dutch'
(scrlttr2)           --> skipped on input line 58.
Package scrbase Info: No captions found for `finnish'
(scrbase)             --> skipped on input line 58.
Class scrlttr2 Info: no date found for language `finnish'
(scrlttr2)           --> skipped on input line 58.
Package scrbase Info: No captions found for `norsk'
(scrbase)             --> skipped on input line 58.
Class scrlttr2 Info: no date found for language `norsk'
(scrlttr2)           --> skipped on input line 58.
Package scrbase Info: No captions found for `swedish'
(scrbase)             --> skipped on input line 58.
Class scrlttr2 Info: no date found for language `swedish'
(scrlttr2)           --> skipped on input line 58.
Class scrlttr2 Info: used language is `ngerman'.
(scrlttr2)           Supported languages are `english', `UKenglish',
(scrlttr2)           `british', `american', `USenglish',
(scrlttr2)           `german', `ngerman', `austrian', `naustrian',
(scrlttr2)           `dutch', `italian', `spanish',
(scrlttr2)           `croatian', `finnish', `norsk' on input line 58.
\big@size=\dimen103
Class scrlttr2 Info: Letter-Class-Option `DIN' loaded on input line 61.

(/usr/share/texmf-dist/tex/latex/koma-script/DIN.lco
File: DIN.lco 2012/07/29 v3.11b KOMA-Script letter-class-option
)

Class scrlttr2 Warning: Deprecated usage of \firsthead.
(scrlttr2)              You should use \setkomavar{firsthead}
(scrlttr2)              instead of \firsthead on input line 85.

Foldmarks: no
Head of first page
Foot of first page
Address (backaddress, addressee)
LaTeX Font Info:    Try loading font information for OT1+ppl on input line 117.

(/usr/share/texmf-dist/tex/latex/psnfss/ot1ppl.fd
File: ot1ppl.fd 2001/06/04 font definitions for OT1/ppl.
)
LaTeX Font Info:    Try loading font information for OML+zplm on input line 117
.

(/usr/share/texmf-dist/tex/latex/psnfss/omlzplm.fd
File: omlzplm.fd 2002/09/08 Fontinst v1.914 font definitions for OML/zplm.
)
LaTeX Font Info:    Try loading font information for OMS+zplm on input line 117
.

(/usr/share/texmf-dist/tex/latex/psnfss/omszplm.fd
File: omszplm.fd 2002/09/08 Fontinst v1.914 font definitions for OMS/zplm.
)
LaTeX Font Info:    Try loading font information for OMX+zplm on input line 117
.

(/usr/share/texmf-dist/tex/latex/psnfss/omxzplm.fd
File: omxzplm.fd 2002/09/08 Fontinst v1.914 font definitions for OMX/zplm.
)
LaTeX Font Info:    Try loading font information for OT1+zplm on input line 117
.

(/usr/share/texmf-dist/tex/latex/psnfss/ot1zplm.fd
File: ot1zplm.fd 2002/09/08 Fontinst v1.914 font definitions for OT1/zplm.
)
Location field: empty
Title: no
Subject: before opening
LaTeX Font Info:    Font shape `T1/ppl/bx/n' in size <10.95> not available
(Font)              Font shape `T1/ppl/b/n' tried instead on input line 117.
[1

{/var/lib/texmf/fonts/map/pdftex/updmap/pdftex.map}]
(./Anschreiben_Nachhilfe_SCRLTTR.aux) ) 
Here is how much of TeX's memory you used:
 1897 strings out of 494345
 27747 string characters out of 6163439
 125480 words of memory out of 5000000
 5176 multiletter control sequences out of 15000+600000
 15040 words of font info for 37 fonts, out of 8000000 for 9000
 372 hyphenation exceptions out of 8191
 35i,8n,46p,533b,180s stack positions out of 5000i,500n,10000p,200000b,80000s
{/usr/share/texmf-dist/fonts/enc/dvips/b
ase/8r.enc}</usr/share/texmf-dist/fonts/type1/urw/palatino/uplb8a.pfb></usr/sha
re/texmf-dist/fonts/type1/urw/palatino/uplr8a.pfb>
Output written on Anschreiben_Nachhilfe_SCRLTTR.pdf (1 page, 34672 bytes).
PDF statistics:
 17 PDF objects out of 1000 (max. 8388607)
 11 compressed objects within 1 object stream
 0 named destinations out of 1000 (max. 500000)
 1 words of extra memory for PDF output out of 10000 (max. 10000000)

